Assembler report for vhdl_space_invaders_top
Fri Apr 07 18:39:34 2017
Quartus II 64-Bit Version 15.0.0 Build 145 04/22/2015 SJ Full Version


---------------------
; Table of Contents ;
---------------------
  1. Legal Notice
  2. Assembler Summary
  3. Assembler Settings
  4. Assembler Generated Files
  5. Assembler Device Options: //campus.mcgill.ca/emf/swe/pghaza1/Desktop/P/Lab4/output_files/vhdl_space_invaders_top.sof
  6. Assembler Messages



----------------
; Legal Notice ;
----------------
Copyright (C) 1991-2015 Altera Corporation. All rights reserved.
Your use of Altera Corporation's design tools, logic functions 
and other software and tools, and its AMPP partner logic 
functions, and any output files from any of the foregoing 
(including device programming or simulation files), and any 
associated documentation or information are expressly subject 
to the terms and conditions of the Altera Program License 
Subscription Agreement, the Altera Quartus II License Agreement,
the Altera MegaCore Function License Agreement, or other 
applicable license agreement, including, without limitation, 
that your use is for the sole purpose of programming logic 
devices manufactured by Altera and sold by Altera or its 
authorized distributors.  Please refer to the applicable 
agreement for further details.



+---------------------------------------------------------------+
; Assembler Summary                                             ;
+-----------------------+---------------------------------------+
; Assembler Status      ; Successful - Fri Apr 07 18:39:34 2017 ;
; Revision Name         ; vhdl_space_invaders_top               ;
; Top-level Entity Name ; vhdl_space_invaders_top               ;
; Family                ; Cyclone V                             ;
; Device                ; 5CSEMA5F31C6                          ;
+-----------------------+---------------------------------------+


+----------------------------------+
; Assembler Settings               ;
+--------+---------+---------------+
; Option ; Setting ; Default Value ;
+--------+---------+---------------+


+--------------------------------------------------------------------------------------------+
; Assembler Generated Files                                                                  ;
+--------------------------------------------------------------------------------------------+
; File Name                                                                                  ;
+--------------------------------------------------------------------------------------------+
; //campus.mcgill.ca/emf/swe/pghaza1/Desktop/P/Lab4/output_files/vhdl_space_invaders_top.sof ;
+--------------------------------------------------------------------------------------------+


+----------------------------------------------------------------------------------------------------------------------+
; Assembler Device Options: //campus.mcgill.ca/emf/swe/pghaza1/Desktop/P/Lab4/output_files/vhdl_space_invaders_top.sof ;
+----------------+-----------------------------------------------------------------------------------------------------+
; Option         ; Setting                                                                                             ;
+----------------+-----------------------------------------------------------------------------------------------------+
; Device         ; 5CSEMA5F31C6                                                                                        ;
; JTAG usercode  ; 0x0235CEB7                                                                                          ;
; Checksum       ; 0x0235CEB7                                                                                          ;
+----------------+-----------------------------------------------------------------------------------------------------+


+--------------------+
; Assembler Messages ;
+--------------------+
Info: *******************************************************************
Info: Running Quartus II 64-Bit Assembler
    Info: Version 15.0.0 Build 145 04/22/2015 SJ Full Version
    Info: Processing started: Fri Apr 07 18:39:09 2017
Info: Command: quartus_asm --read_settings_files=off --write_settings_files=off pg_ae_lab4 -c vhdl_space_invaders_top
Info (115030): Assembler is generating device programming files
Info: Quartus II 64-Bit Assembler was successful. 0 errors, 0 warnings
    Info: Peak virtual memory: 922 megabytes
    Info: Processing ended: Fri Apr 07 18:39:35 2017
    Info: Elapsed time: 00:00:26
    Info: Total CPU time (on all processors): 00:00:18


